<?xml version="1.0" encoding="UTF-8"?>
<Site BuildName="(empty)"
	BuildStamp="20240825-0940-Experimental"
	Name="pop-os"
	Generator="ctest-3.22.1"
	CompilerName="/usr/bin/c++"
	CompilerVersion="11.4.0"
	OSName="Linux"
	Hostname="pop-os"
	OSRelease="6.9.3-76060903-generic"
	OSVersion="#202405300957~1721174657~22.04~abb7c06 SMP PREEMPT_DYNAMIC Wed J"
	OSPlatform="x86_64"
	Is64Bits="1"
	VendorString="GenuineIntel"
	VendorID="Intel Corporation"
	FamilyID="6"
	ModelID="141"
	ProcessorCacheSize="24576"
	NumberOfLogicalCPU="16"
	NumberOfPhysicalCPU="8"
	TotalVirtualMemory="20479"
	TotalPhysicalMemory="64041"
	LogicalProcessorsPerPhysical="2"
	ProcessorClockFrequency="962.318"
	>
	<Testing>
		<StartDateTime>Aug 25 17:15 PKT</StartDateTime>
		<StartTestTime>1724588108</StartTestTime>
		<TestList/>
		<EndDateTime>Aug 25 17:15 PKT</EndDateTime>
		<EndTestTime>1724588108</EndTestTime>
		<ElapsedMinutes>0</ElapsedMinutes>
	</Testing>
</Site>
