[0.009s] Invoking command in '/home/usamah/Documents/project/learnRos2/build/second_turn_camera_project': CMAKE_PREFIX_PATH=${CMAKE_PREFIX_PATH}:/opt/ros/humble /usr/bin/cmake --build /home/usamah/Documents/project/learnRos2/build/second_turn_camera_project -- -j16 -l16
[0.025s] -- Found ament_cmake: 1.3.10 (/opt/ros/humble/share/ament_cmake/cmake)
[0.099s] -- Override CMake install command with custom implementation using symlinks instead of copying resources
[0.103s] -- Found rclpy: 3.3.14 (/opt/ros/humble/share/rclpy/cmake)
[0.103s] -- Found rosidl_default_generators: 1.2.0 (/opt/ros/humble/share/rosidl_default_generators/cmake)
[0.104s] -- Using all available rosidl_typesupport_c: rosidl_typesupport_fastrtps_c;rosidl_typesupport_introspection_c
[0.106s] -- Found rosidl_adapter: 3.1.5 (/opt/ros/humble/share/rosidl_adapter/cmake)
[0.125s] -- Using all available rosidl_typesupport_cpp: rosidl_typesupport_fastrtps_cpp;rosidl_typesupport_introspection_cpp
[0.140s] -- Found sensor_msgs: 4.2.4 (/opt/ros/humble/share/sensor_msgs/cmake)
[0.403s] -- Found ament_cmake_ros: 0.10.0 (/opt/ros/humble/share/ament_cmake_ros/cmake)
[0.594s] -- Using all available rosidl_typesupport_c: rosidl_typesupport_fastrtps_c;rosidl_typesupport_introspection_c
[0.844s] -- Using all available rosidl_typesupport_cpp: rosidl_typesupport_fastrtps_cpp;rosidl_typesupport_introspection_cpp
[0.859s] -- Found PythonInterp: /usr/bin/python3 (found suitable version "3.10.12", minimum required is "3.6") 
[0.860s] -- Found python_cmake_module: 0.10.0 (/opt/ros/humble/share/python_cmake_module/cmake)
[0.877s] -- Found PythonLibs: /usr/lib/x86_64-linux-gnu/libpython3.10.so (found suitable version "3.10.12", minimum required is "3.5") 
[0.877s] -- Using PYTHON_EXECUTABLE: /usr/bin/python3
[0.877s] -- Using PYTHON_INCLUDE_DIRS: /usr/include/python3.10
[0.877s] -- Using PYTHON_LIBRARIES: /usr/lib/x86_64-linux-gnu/libpython3.10.so
[0.890s] -- Found PythonExtra: .so  
[0.926s] -- Found ament_lint_auto: 0.12.11 (/opt/ros/humble/share/ament_lint_auto/cmake)
[0.934s] -- Added test 'flake8' to check Python code syntax and style conventions
[0.934s] -- Added test 'lint_cmake' to check CMake code style
[0.934s] -- Added test 'pep257' to check Python code against some of the docstring style conventions in PEP 257
[0.935s] -- Added test 'xmllint' to check XML markup files
[0.937s] -- Configuring done
[0.962s] -- Generating done
[0.965s] -- Build files have been written to: /home/usamah/Documents/project/learnRos2/build/second_turn_camera_project
[0.985s] [  3%] [34m[1mGenerating C code for ROS interfaces[0m
[0.991s] [  6%] [34m[1mGenerating C++ code for ROS interfaces[0m
[0.996s] [  6%] Built target ament_cmake_python_symlink_second_turn_camera_project
[0.996s] [  6%] Built target ament_cmake_python_symlink_scripts
[1.227s] [  9%] [32mBuilding C object CMakeFiles/second_turn_camera_project__rosidl_generator_c.dir/rosidl_generator_c/second_turn_camera_project/srv/detail/secnd_project_turn_camer__functions.c.o[0m
[1.227s] [  9%] Built target second_turn_camera_project__cpp
[1.232s] running egg_info
[1.232s] writing scripts.egg-info/PKG-INFO
[1.233s] writing dependency_links to scripts.egg-info/dependency_links.txt
[1.233s] writing top-level names to scripts.egg-info/top_level.txt
[1.235s] reading manifest file 'scripts.egg-info/SOURCES.txt'
[1.235s] writing manifest file 'scripts.egg-info/SOURCES.txt'
[1.237s] [ 12%] [34m[1mGenerating C++ type support for eProsima Fast-RTPS[0m
[1.237s] [ 16%] [34m[1mGenerating C++ introspection for ROS interfaces[0m
[1.238s] [ 19%] [34m[1mGenerating C++ type support dispatch for ROS interfaces[0m
[1.241s] In file included from [01m[K/home/usamah/Documents/project/learnRos2/build/second_turn_camera_project/rosidl_generator_c/second_turn_camera_project/srv/detail/secnd_project_turn_camer__functions.h:19[m[K,
[1.241s]                  from [01m[K/home/usamah/Documents/project/learnRos2/build/second_turn_camera_project/rosidl_generator_c/second_turn_camera_project/srv/detail/secnd_project_turn_camer__functions.c:4[m[K:
[1.241s] [01m[K/home/usamah/Documents/project/learnRos2/build/second_turn_camera_project/rosidl_generator_c/second_turn_camera_project/srv/detail/secnd_project_turn_camer__struct.h:41:10:[m[K [01;31m[Kfatal error: [m[Ksensor_msg/msg/detail/image__struct.h: No such file or directory
[1.241s]    41 | #include [01;31m[K"sensor_msg/msg/detail/image__struct.h"[m[K
[1.242s]       |          [01;31m[K^~~~~~~~~~~~~~~~~~~~~~~~~~~~~~~~~~~~~~~[m[K
[1.242s] compilation terminated.
[1.242s] gmake[2]: *** [CMakeFiles/second_turn_camera_project__rosidl_generator_c.dir/build.make:195: CMakeFiles/second_turn_camera_project__rosidl_generator_c.dir/rosidl_generator_c/second_turn_camera_project/srv/detail/secnd_project_turn_camer__functions.c.o] Error 1
[1.242s] gmake[1]: *** [CMakeFiles/Makefile2:216: CMakeFiles/second_turn_camera_project__rosidl_generator_c.dir/all] Error 2
[1.243s] gmake[1]: *** Waiting for unfinished jobs....
[1.260s] [ 19%] Built target ament_cmake_python_build_scripts_egg
[1.474s] [ 22%] [32mBuilding CXX object CMakeFiles/second_turn_camera_project__rosidl_typesupport_cpp.dir/rosidl_typesupport_cpp/second_turn_camera_project/srv/secnd_project_turn_camer__type_support.cpp.o[0m
[1.496s] [ 25%] [32mBuilding CXX object CMakeFiles/second_turn_camera_project__rosidl_typesupport_introspection_cpp.dir/rosidl_typesupport_introspection_cpp/second_turn_camera_project/srv/detail/secnd_project_turn_camer__type_support.cpp.o[0m
[1.505s] running egg_info
[1.506s] creating second_turn_camera_project.egg-info
[1.506s] writing second_turn_camera_project.egg-info/PKG-INFO
[1.506s] writing dependency_links to second_turn_camera_project.egg-info/dependency_links.txt
[1.506s] writing top-level names to second_turn_camera_project.egg-info/top_level.txt
[1.506s] writing manifest file 'second_turn_camera_project.egg-info/SOURCES.txt'
[1.508s] reading manifest file 'second_turn_camera_project.egg-info/SOURCES.txt'
[1.509s] writing manifest file 'second_turn_camera_project.egg-info/SOURCES.txt'
[1.509s] [ 29%] [32mBuilding CXX object CMakeFiles/second_turn_camera_project__rosidl_typesupport_fastrtps_cpp.dir/rosidl_typesupport_fastrtps_cpp/second_turn_camera_project/srv/detail/dds_fastrtps/secnd_project_turn_camer__type_support.cpp.o[0m
[1.533s] [ 29%] Built target ament_cmake_python_build_second_turn_camera_project_egg
[1.534s] In file included from [01m[K/home/usamah/Documents/project/learnRos2/build/second_turn_camera_project/rosidl_typesupport_cpp/second_turn_camera_project/srv/secnd_project_turn_camer__type_support.cpp:7[m[K:
[1.534s] [01m[K/home/usamah/Documents/project/learnRos2/build/second_turn_camera_project/rosidl_generator_cpp/second_turn_camera_project/srv/detail/secnd_project_turn_camer__struct.hpp:134:10:[m[K [01;31m[Kfatal error: [m[Ksensor_msg/msg/detail/image__struct.hpp: No such file or directory
[1.534s]   134 | #include [01;31m[K"sensor_msg/msg/detail/image__struct.hpp"[m[K
[1.534s]       |          [01;31m[K^~~~~~~~~~~~~~~~~~~~~~~~~~~~~~~~~~~~~~~~~[m[K
[1.534s] compilation terminated.
[1.536s] gmake[2]: *** [CMakeFiles/second_turn_camera_project__rosidl_typesupport_cpp.dir/build.make:176: CMakeFiles/second_turn_camera_project__rosidl_typesupport_cpp.dir/rosidl_typesupport_cpp/second_turn_camera_project/srv/secnd_project_turn_camer__type_support.cpp.o] Error 1
[1.536s] gmake[1]: *** [CMakeFiles/Makefile2:398: CMakeFiles/second_turn_camera_project__rosidl_typesupport_cpp.dir/all] Error 2
[1.553s] In file included from [01m[K/home/usamah/Documents/project/learnRos2/build/second_turn_camera_project/rosidl_typesupport_introspection_cpp/second_turn_camera_project/srv/detail/secnd_project_turn_camer__type_support.cpp:12[m[K:
[1.553s] [01m[K/home/usamah/Documents/project/learnRos2/build/second_turn_camera_project/rosidl_generator_cpp/second_turn_camera_project/srv/detail/secnd_project_turn_camer__struct.hpp:134:10:[m[K [01;31m[Kfatal error: [m[Ksensor_msg/msg/detail/image__struct.hpp: No such file or directory
[1.553s]   134 | #include [01;31m[K"sensor_msg/msg/detail/image__struct.hpp"[m[K
[1.553s]       |          [01;31m[K^~~~~~~~~~~~~~~~~~~~~~~~~~~~~~~~~~~~~~~~~[m[K
[1.554s] compilation terminated.
[1.554s] gmake[2]: *** [CMakeFiles/second_turn_camera_project__rosidl_typesupport_introspection_cpp.dir/build.make:181: CMakeFiles/second_turn_camera_project__rosidl_typesupport_introspection_cpp.dir/rosidl_typesupport_introspection_cpp/second_turn_camera_project/srv/detail/secnd_project_turn_camer__type_support.cpp.o] Error 1
[1.555s] gmake[1]: *** [CMakeFiles/Makefile2:372: CMakeFiles/second_turn_camera_project__rosidl_typesupport_introspection_cpp.dir/all] Error 2
[1.560s] In file included from [01m[K/home/usamah/Documents/project/learnRos2/build/second_turn_camera_project/rosidl_typesupport_fastrtps_cpp/second_turn_camera_project/srv/detail/secnd_project_turn_camer__rosidl_typesupport_fastrtps_cpp.hpp:11[m[K,
[1.560s]                  from [01m[K/home/usamah/Documents/project/learnRos2/build/second_turn_camera_project/rosidl_typesupport_fastrtps_cpp/second_turn_camera_project/srv/detail/dds_fastrtps/secnd_project_turn_camer__type_support.cpp:4[m[K:
[1.560s] [01m[K/home/usamah/Documents/project/learnRos2/build/second_turn_camera_project/rosidl_generator_cpp/second_turn_camera_project/srv/detail/secnd_project_turn_camer__struct.hpp:134:10:[m[K [01;31m[Kfatal error: [m[Ksensor_msg/msg/detail/image__struct.hpp: No such file or directory
[1.560s]   134 | #include [01;31m[K"sensor_msg/msg/detail/image__struct.hpp"[m[K
[1.560s]       |          [01;31m[K^~~~~~~~~~~~~~~~~~~~~~~~~~~~~~~~~~~~~~~~~[m[K
[1.560s] compilation terminated.
[1.561s] gmake[2]: *** [CMakeFiles/second_turn_camera_project__rosidl_typesupport_fastrtps_cpp.dir/build.make:181: CMakeFiles/second_turn_camera_project__rosidl_typesupport_fastrtps_cpp.dir/rosidl_typesupport_fastrtps_cpp/second_turn_camera_project/srv/detail/dds_fastrtps/secnd_project_turn_camer__type_support.cpp.o] Error 1
[1.562s] gmake[1]: *** [CMakeFiles/Makefile2:346: CMakeFiles/second_turn_camera_project__rosidl_typesupport_fastrtps_cpp.dir/all] Error 2
[1.562s] gmake: *** [Makefile:146: all] Error 2
[1.564s] Invoked command in '/home/usamah/Documents/project/learnRos2/build/second_turn_camera_project' returned '2': CMAKE_PREFIX_PATH=${CMAKE_PREFIX_PATH}:/opt/ros/humble /usr/bin/cmake --build /home/usamah/Documents/project/learnRos2/build/second_turn_camera_project -- -j16 -l16
